============================= test session starts =============================
platform win32 -- Python 3.14.2, pytest-9.0.2, pluggy-1.6.0 -- C:\Python314\python.exe
cachedir: .pytest_cache
rootdir: E:\code\LLM\workspace\swf\.worktrees\database-impl\backend
configfile: pyproject.toml
plugins: anyio-4.13.0, Faker-40.11.1, asyncio-1.3.0, cov-7.1.0
asyncio: mode=Mode.AUTO, debug=False, asyncio_default_fixture_loop_scope=None, asyncio_default_test_loop_scope=function
collecting ... collected 216 items

backend\tests\test_auth_api.py::TestLoginEndpoint::test_login_with_valid_credentials PASSED [  0%]
backend\tests\test_auth_api.py::TestLoginEndpoint::test_login_with_invalid_credentials PASSED [  0%]
backend\tests\test_auth_api.py::TestLoginEndpoint::test_login_with_missing_username PASSED [  1%]
backend\tests\test_auth_api.py::TestLoginEndpoint::test_login_with_missing_password PASSED [  1%]
backend\tests\test_auth_api.py::TestRefreshEndpoint::test_refresh_with_valid_token PASSED [  2%]
backend\tests\test_auth_api.py::TestRefreshEndpoint::test_refresh_with_invalid_token PASSED [  2%]
backend\tests\test_auth_api.py::TestRefreshEndpoint::test_refresh_with_missing_token PASSED [  3%]
backend\tests\test_auth_api.py::TestLogoutEndpoint::test_logout_with_valid_tokens PASSED [  3%]
backend\tests\test_auth_api.py::TestLogoutEndpoint::test_logout_without_token PASSED [  4%]
backend\tests\test_auth_api.py::TestLogoutEndpoint::test_logout_with_invalid_token PASSED [  4%]
backend\tests\test_auth_api.py::TestLogoutEndpoint::test_logout_with_only_access_token PASSED [  5%]
backend\tests\test_auth_api.py::TestMeEndpoint::test_get_current_user_with_valid_token PASSED [  5%]
backend\tests\test_auth_api.py::TestMeEndpoint::test_get_current_user_without_token PASSED [  6%]
backend\tests\test_auth_api.py::TestMeEndpoint::test_get_current_user_with_invalid_token PASSED [  6%]
backend\tests\test_auth_api.py::TestMeEndpoint::test_get_current_user_with_expired_token PASSED [  6%]
backend\tests\test_auth_api.py::TestMeEndpoint::test_get_current_user_with_inactive_user PASSED [  7%]
backend\tests\test_auth_service.py::TestAuthenticateUser::test_authenticate_user_with_valid_credentials PASSED [  7%]
backend\tests\test_auth_service.py::TestAuthenticateUser::test_authenticate_user_with_invalid_password PASSED [  8%]
backend\tests\test_auth_service.py::TestAuthenticateUser::test_authenticate_user_with_nonexistent_username PASSED [  8%]
backend\tests\test_auth_service.py::TestAuthenticateUser::test_authenticate_user_updates_last_login PASSED [  9%]
backend\tests\test_auth_service.py::TestGetUserById::test_get_user_by_id_with_existing_user PASSED [  9%]
backend\tests\test_auth_service.py::TestGetUserById::test_get_user_by_id_with_nonexistent_user PASSED [ 10%]
backend\tests\test_auth_service.py::TestValidateToken::test_validate_token_with_valid_token PASSED [ 10%]
backend\tests\test_auth_service.py::TestValidateToken::test_validate_token_with_invalid_token PASSED [ 11%]
backend\tests\test_auth_service.py::TestValidateToken::test_validate_token_with_blacklisted_token PASSED [ 11%]
backend\tests\test_auth_service.py::TestLoginUser::test_login_user_returns_tokens PASSED [ 12%]
backend\tests\test_auth_service.py::TestLoginUser::test_login_user_returns_none_for_invalid_credentials PASSED [ 12%]
backend\tests\test_auth_service.py::TestLoginUser::test_login_user_tokens_contain_user_data PASSED [ 12%]
backend\tests\test_auth_service.py::TestRefreshAccessToken::test_refresh_access_token_returns_new_token PASSED [ 13%]
backend\tests\test_auth_service.py::TestRefreshAccessToken::test_refresh_access_token_with_invalid_token PASSED [ 13%]
backend\tests\test_auth_service.py::TestRefreshAccessToken::test_refresh_access_token_for_nonexistent_user PASSED [ 14%]
backend\tests\test_auth_service.py::TestRefreshAccessToken::test_refresh_access_token_for_inactive_user 